<?xml version="1.0" encoding="UTF-8"?>
<testsuite xmlns:xsi="http://www.w3.org/2001/XMLSchema-instance" xsi:noNamespaceSchemaLocation="https://maven.apache.org/surefire/maven-surefire-plugin/xsd/surefire-test-report.xsd" name="site.imcu.service.impl.RelationServiceImplTest" time="0.001" tests="2" errors="0" skipped="0" failures="0">
  <properties>
    <property name="sun.desktop" value="windows"/>
    <property name="awt.toolkit" value="sun.awt.windows.WToolkit"/>
    <property name="file.encoding.pkg" value="sun.io"/>
    <property name="java.specification.version" value="1.8"/>
    <property name="sun.cpu.isalist" value="amd64"/>
    <property name="sun.jnu.encoding" value="GBK"/>
    <property name="java.class.path" value="C:\Users\Administrator\IdeaProjects\weibo\target\test-classes;C:\Users\Administrator\IdeaProjects\weibo\target\classes;C:\Users\Administrator\.m2\repository\org\springframework\spring-aop\4.3.18.RELEASE\spring-aop-4.3.18.RELEASE.jar;C:\Users\Administrator\.m2\repository\org\springframework\spring-aspects\4.3.18.RELEASE\spring-aspects-4.3.18.RELEASE.jar;C:\Users\Administrator\.m2\repository\org\aspectj\aspectjweaver\1.8.9\aspectjweaver-1.8.9.jar;C:\Users\Administrator\.m2\repository\org\springframework\spring-beans\4.3.18.RELEASE\spring-beans-4.3.18.RELEASE.jar;C:\Users\Administrator\.m2\repository\org\springframework\spring-context\4.3.18.RELEASE\spring-context-4.3.18.RELEASE.jar;C:\Users\Administrator\.m2\repository\org\springframework\spring-context-support\4.3.18.RELEASE\spring-context-support-4.3.18.RELEASE.jar;C:\Users\Administrator\.m2\repository\org\springframework\spring-core\4.3.18.RELEASE\spring-core-4.3.18.RELEASE.jar;C:\Users\Administrator\.m2\repository\org\springframework\spring-expression\4.3.18.RELEASE\spring-expression-4.3.18.RELEASE.jar;C:\Users\Administrator\.m2\repository\org\springframework\spring-instrument\4.3.18.RELEASE\spring-instrument-4.3.18.RELEASE.jar;C:\Users\Administrator\.m2\repository\org\springframework\spring-instrument-tomcat\4.3.18.RELEASE\spring-instrument-tomcat-4.3.18.RELEASE.jar;C:\Users\Administrator\.m2\repository\org\springframework\spring-jdbc\4.3.18.RELEASE\spring-jdbc-4.3.18.RELEASE.jar;C:\Users\Administrator\.m2\repository\org\springframework\spring-jms\4.3.18.RELEASE\spring-jms-4.3.18.RELEASE.jar;C:\Users\Administrator\.m2\repository\org\springframework\spring-messaging\4.3.18.RELEASE\spring-messaging-4.3.18.RELEASE.jar;C:\Users\Administrator\.m2\repository\org\springframework\spring-orm\4.3.18.RELEASE\spring-orm-4.3.18.RELEASE.jar;C:\Users\Administrator\.m2\repository\org\springframework\spring-oxm\4.3.18.RELEASE\spring-oxm-4.3.18.RELEASE.jar;C:\Users\Administrator\.m2\repository\org\springframework\spring-test\4.3.18.RELEASE\spring-test-4.3.18.RELEASE.jar;C:\Users\Administrator\.m2\repository\org\springframework\spring-tx\4.3.18.RELEASE\spring-tx-4.3.18.RELEASE.jar;C:\Users\Administrator\.m2\repository\org\springframework\spring-web\4.3.18.RELEASE\spring-web-4.3.18.RELEASE.jar;C:\Users\Administrator\.m2\repository\org\springframework\spring-webmvc\4.3.18.RELEASE\spring-webmvc-4.3.18.RELEASE.jar;C:\Users\Administrator\.m2\repository\org\springframework\spring-webmvc-portlet\4.3.18.RELEASE\spring-webmvc-portlet-4.3.18.RELEASE.jar;C:\Users\Administrator\.m2\repository\org\springframework\spring-websocket\4.3.18.RELEASE\spring-websocket-4.3.18.RELEASE.jar;C:\Users\Administrator\.m2\repository\junit\junit\4.12\junit-4.12.jar;C:\Users\Administrator\.m2\repository\org\hamcrest\hamcrest-core\1.3\hamcrest-core-1.3.jar;C:\Users\Administrator\.m2\repository\org\mybatis\mybatis\3.5.0\mybatis-3.5.0.jar;C:\Users\Administrator\.m2\repository\org\mybatis\mybatis-spring\2.0.0\mybatis-spring-2.0.0.jar;C:\Users\Administrator\.m2\repository\mysql\mysql-connector-java\8.0.16\mysql-connector-java-8.0.16.jar;C:\Users\Administrator\.m2\repository\com\google\protobuf\protobuf-java\3.6.1\protobuf-java-3.6.1.jar;C:\Users\Administrator\.m2\repository\javax\servlet\javax.servlet-api\4.0.1\javax.servlet-api-4.0.1.jar;C:\Users\Administrator\.m2\repository\org\apache\commons\commons-dbcp2\2.6.0\commons-dbcp2-2.6.0.jar;C:\Users\Administrator\.m2\repository\commons-logging\commons-logging\1.2\commons-logging-1.2.jar;C:\Users\Administrator\.m2\repository\org\apache\commons\commons-pool2\2.6.2\commons-pool2-2.6.2.jar;C:\Users\Administrator\.m2\repository\com\fasterxml\jackson\core\jackson-databind\2.9.9\jackson-databind-2.9.9.jar;C:\Users\Administrator\.m2\repository\com\fasterxml\jackson\core\jackson-annotations\2.9.0\jackson-annotations-2.9.0.jar;C:\Users\Administrator\.m2\repository\com\fasterxml\jackson\core\jackson-core\2.9.9\jackson-core-2.9.9.jar;C:\Users\Administrator\.m2\repository\net\sf\json-lib\json-lib\2.4\json-lib-2.4-jdk15.jar;C:\Users\Administrator\.m2\repository\commons-beanutils\commons-beanutils\1.8.0\commons-beanutils-1.8.0.jar;C:\Users\Administrator\.m2\repository\commons-collections\commons-collections\3.2.1\commons-collections-3.2.1.jar;C:\Users\Administrator\.m2\repository\commons-lang\commons-lang\2.5\commons-lang-2.5.jar;C:\Users\Administrator\.m2\repository\net\sf\ezmorph\ezmorph\1.0.6\ezmorph-1.0.6.jar;C:\Users\Administrator\.m2\repository\commons-fileupload\commons-fileupload\1.4\commons-fileupload-1.4.jar;C:\Users\Administrator\.m2\repository\commons-io\commons-io\2.2\commons-io-2.2.jar;C:\Users\Administrator\.m2\repository\com\github\pagehelper\pagehelper\5.1.8\pagehelper-5.1.8.jar;C:\Users\Administrator\.m2\repository\com\github\jsqlparser\jsqlparser\1.2\jsqlparser-1.2.jar;C:\Users\Administrator\.m2\repository\com\alibaba\fastjson\1.2.58\fastjson-1.2.58.jar;C:\Users\Administrator\.m2\repository\io\jsonwebtoken\jjwt\0.9.1\jjwt-0.9.1.jar;C:\Users\Administrator\.m2\repository\com\auth0\java-jwt\3.8.1\java-jwt-3.8.1.jar;C:\Users\Administrator\.m2\repository\commons-codec\commons-codec\1.12\commons-codec-1.12.jar;"/>
    <property name="java.vm.vendor" value="Oracle Corporation"/>
    <property name="sun.arch.data.model" value="64"/>
    <property name="user.variant" value=""/>
    <property name="java.vendor.url" value="http://java.oracle.com/"/>
    <property name="user.timezone" value="Asia/Shanghai"/>
    <property name="java.vm.specification.version" value="1.8"/>
    <property name="os.name" value="Windows 10"/>
    <property name="user.country" value="CN"/>
    <property name="sun.java.launcher" value="SUN_STANDARD"/>
    <property name="sun.boot.library.path" value="C:\Program Files\Java\jdk1.8.0_181\jre\bin"/>
    <property name="sun.java.command" value="C:\Users\ADMINI~1\AppData\Local\Temp\surefire167131950688304714\surefirebooter3732617629417745801.jar C:\Users\Administrator\AppData\Local\Temp\surefire167131950688304714 2019-06-19T18-05-44_830-jvmRun1 surefire203742610775570180tmp surefire_04623925587942257612tmp"/>
    <property name="surefire.test.class.path" value="C:\Users\Administrator\IdeaProjects\weibo\target\test-classes;C:\Users\Administrator\IdeaProjects\weibo\target\classes;C:\Users\Administrator\.m2\repository\org\springframework\spring-aop\4.3.18.RELEASE\spring-aop-4.3.18.RELEASE.jar;C:\Users\Administrator\.m2\repository\org\springframework\spring-aspects\4.3.18.RELEASE\spring-aspects-4.3.18.RELEASE.jar;C:\Users\Administrator\.m2\repository\org\aspectj\aspectjweaver\1.8.9\aspectjweaver-1.8.9.jar;C:\Users\Administrator\.m2\repository\org\springframework\spring-beans\4.3.18.RELEASE\spring-beans-4.3.18.RELEASE.jar;C:\Users\Administrator\.m2\repository\org\springframework\spring-context\4.3.18.RELEASE\spring-context-4.3.18.RELEASE.jar;C:\Users\Administrator\.m2\repository\org\springframework\spring-context-support\4.3.18.RELEASE\spring-context-support-4.3.18.RELEASE.jar;C:\Users\Administrator\.m2\repository\org\springframework\spring-core\4.3.18.RELEASE\spring-core-4.3.18.RELEASE.jar;C:\Users\Administrator\.m2\repository\org\springframework\spring-expression\4.3.18.RELEASE\spring-expression-4.3.18.RELEASE.jar;C:\Users\Administrator\.m2\repository\org\springframework\spring-instrument\4.3.18.RELEASE\spring-instrument-4.3.18.RELEASE.jar;C:\Users\Administrator\.m2\repository\org\springframework\spring-instrument-tomcat\4.3.18.RELEASE\spring-instrument-tomcat-4.3.18.RELEASE.jar;C:\Users\Administrator\.m2\repository\org\springframework\spring-jdbc\4.3.18.RELEASE\spring-jdbc-4.3.18.RELEASE.jar;C:\Users\Administrator\.m2\repository\org\springframework\spring-jms\4.3.18.RELEASE\spring-jms-4.3.18.RELEASE.jar;C:\Users\Administrator\.m2\repository\org\springframework\spring-messaging\4.3.18.RELEASE\spring-messaging-4.3.18.RELEASE.jar;C:\Users\Administrator\.m2\repository\org\springframework\spring-orm\4.3.18.RELEASE\spring-orm-4.3.18.RELEASE.jar;C:\Users\Administrator\.m2\repository\org\springframework\spring-oxm\4.3.18.RELEASE\spring-oxm-4.3.18.RELEASE.jar;C:\Users\Administrator\.m2\repository\org\springframework\spring-test\4.3.18.RELEASE\spring-test-4.3.18.RELEASE.jar;C:\Users\Administrator\.m2\repository\org\springframework\spring-tx\4.3.18.RELEASE\spring-tx-4.3.18.RELEASE.jar;C:\Users\Administrator\.m2\repository\org\springframework\spring-web\4.3.18.RELEASE\spring-web-4.3.18.RELEASE.jar;C:\Users\Administrator\.m2\repository\org\springframework\spring-webmvc\4.3.18.RELEASE\spring-webmvc-4.3.18.RELEASE.jar;C:\Users\Administrator\.m2\repository\org\springframework\spring-webmvc-portlet\4.3.18.RELEASE\spring-webmvc-portlet-4.3.18.RELEASE.jar;C:\Users\Administrator\.m2\repository\org\springframework\spring-websocket\4.3.18.RELEASE\spring-websocket-4.3.18.RELEASE.jar;C:\Users\Administrator\.m2\repository\junit\junit\4.12\junit-4.12.jar;C:\Users\Administrator\.m2\repository\org\hamcrest\hamcrest-core\1.3\hamcrest-core-1.3.jar;C:\Users\Administrator\.m2\repository\org\mybatis\mybatis\3.5.0\mybatis-3.5.0.jar;C:\Users\Administrator\.m2\repository\org\mybatis\mybatis-spring\2.0.0\mybatis-spring-2.0.0.jar;C:\Users\Administrator\.m2\repository\mysql\mysql-connector-java\8.0.16\mysql-connector-java-8.0.16.jar;C:\Users\Administrator\.m2\repository\com\google\protobuf\protobuf-java\3.6.1\protobuf-java-3.6.1.jar;C:\Users\Administrator\.m2\repository\javax\servlet\javax.servlet-api\4.0.1\javax.servlet-api-4.0.1.jar;C:\Users\Administrator\.m2\repository\org\apache\commons\commons-dbcp2\2.6.0\commons-dbcp2-2.6.0.jar;C:\Users\Administrator\.m2\repository\commons-logging\commons-logging\1.2\commons-logging-1.2.jar;C:\Users\Administrator\.m2\repository\org\apache\commons\commons-pool2\2.6.2\commons-pool2-2.6.2.jar;C:\Users\Administrator\.m2\repository\com\fasterxml\jackson\core\jackson-databind\2.9.9\jackson-databind-2.9.9.jar;C:\Users\Administrator\.m2\repository\com\fasterxml\jackson\core\jackson-annotations\2.9.0\jackson-annotations-2.9.0.jar;C:\Users\Administrator\.m2\repository\com\fasterxml\jackson\core\jackson-core\2.9.9\jackson-core-2.9.9.jar;C:\Users\Administrator\.m2\repository\net\sf\json-lib\json-lib\2.4\json-lib-2.4-jdk15.jar;C:\Users\Administrator\.m2\repository\commons-beanutils\commons-beanutils\1.8.0\commons-beanutils-1.8.0.jar;C:\Users\Administrator\.m2\repository\commons-collections\commons-collections\3.2.1\commons-collections-3.2.1.jar;C:\Users\Administrator\.m2\repository\commons-lang\commons-lang\2.5\commons-lang-2.5.jar;C:\Users\Administrator\.m2\repository\net\sf\ezmorph\ezmorph\1.0.6\ezmorph-1.0.6.jar;C:\Users\Administrator\.m2\repository\commons-fileupload\commons-fileupload\1.4\commons-fileupload-1.4.jar;C:\Users\Administrator\.m2\repository\commons-io\commons-io\2.2\commons-io-2.2.jar;C:\Users\Administrator\.m2\repository\com\github\pagehelper\pagehelper\5.1.8\pagehelper-5.1.8.jar;C:\Users\Administrator\.m2\repository\com\github\jsqlparser\jsqlparser\1.2\jsqlparser-1.2.jar;C:\Users\Administrator\.m2\repository\com\alibaba\fastjson\1.2.58\fastjson-1.2.58.jar;C:\Users\Administrator\.m2\repository\io\jsonwebtoken\jjwt\0.9.1\jjwt-0.9.1.jar;C:\Users\Administrator\.m2\repository\com\auth0\java-jwt\3.8.1\java-jwt-3.8.1.jar;C:\Users\Administrator\.m2\repository\commons-codec\commons-codec\1.12\commons-codec-1.12.jar;"/>
    <property name="sun.cpu.endian" value="little"/>
    <property name="user.home" value="C:\Users\Administrator"/>
    <property name="user.language" value="zh"/>
    <property name="java.specification.vendor" value="Oracle Corporation"/>
    <property name="java.home" value="C:\Program Files\Java\jdk1.8.0_181\jre"/>
    <property name="basedir" value="C:\Users\Administrator\IdeaProjects\weibo"/>
    <property name="file.separator" value="\"/>
    <property name="line.separator" value="&#10;"/>
    <property name="java.vm.specification.vendor" value="Oracle Corporation"/>
    <property name="java.specification.name" value="Java Platform API Specification"/>
    <property name="java.awt.graphicsenv" value="sun.awt.Win32GraphicsEnvironment"/>
    <property name="surefire.real.class.path" value="C:\Users\ADMINI~1\AppData\Local\Temp\surefire167131950688304714\surefirebooter3732617629417745801.jar"/>
    <property name="sun.boot.class.path" value="C:\Program Files\Java\jdk1.8.0_181\jre\lib\resources.jar;C:\Program Files\Java\jdk1.8.0_181\jre\lib\rt.jar;C:\Program Files\Java\jdk1.8.0_181\jre\lib\sunrsasign.jar;C:\Program Files\Java\jdk1.8.0_181\jre\lib\jsse.jar;C:\Program Files\Java\jdk1.8.0_181\jre\lib\jce.jar;C:\Program Files\Java\jdk1.8.0_181\jre\lib\charsets.jar;C:\Program Files\Java\jdk1.8.0_181\jre\lib\jfr.jar;C:\Program Files\Java\jdk1.8.0_181\jre\classes"/>
    <property name="user.script" value=""/>
    <property name="sun.management.compiler" value="HotSpot 64-Bit Tiered Compilers"/>
    <property name="java.runtime.version" value="1.8.0_181-b13"/>
    <property name="user.name" value="Administrator"/>
    <property name="path.separator" value=";"/>
    <property name="os.version" value="10.0"/>
    <property name="java.endorsed.dirs" value="C:\Program Files\Java\jdk1.8.0_181\jre\lib\endorsed"/>
    <property name="java.runtime.name" value="Java(TM) SE Runtime Environment"/>
    <property name="file.encoding" value="GBK"/>
    <property name="java.vm.name" value="Java HotSpot(TM) 64-Bit Server VM"/>
    <property name="localRepository" value="C:\Users\Administrator\.m2\repository"/>
    <property name="java.vendor.url.bug" value="http://bugreport.sun.com/bugreport/"/>
    <property name="java.io.tmpdir" value="C:\Users\ADMINI~1\AppData\Local\Temp\"/>
    <property name="java.version" value="1.8.0_181"/>
    <property name="user.dir" value="C:\Users\Administrator\IdeaProjects\weibo"/>
    <property name="os.arch" value="amd64"/>
    <property name="java.vm.specification.name" value="Java Virtual Machine Specification"/>
    <property name="java.awt.printerjob" value="sun.awt.windows.WPrinterJob"/>
    <property name="idea.version2019.1.2" value="true"/>
    <property name="sun.os.patch.level" value=""/>
    <property name="java.library.path" value="C:\Program Files\Java\jdk1.8.0_181\jre\bin;C:\Windows\Sun\Java\bin;C:\Windows\system32;C:\Windows;C:\Program Files (x86)\NetSarang\Xftp 6\;C:\Program Files (x86)\NetSarang\Xshell 6\;C:\Program Files (x86)\Common Files\Oracle\Java\javapath;C:\Windows\system32;C:\Windows;C:\Windows\System32\Wbem;C:\Windows\System32\WindowsPowerShell\v1.0\;C:\Windows\System32\OpenSSH\;C:\Program Files\nodejs\;C:\Program Files (x86)\NVIDIA Corporation\PhysX\Common;C:\Program Files\NVIDIA Corporation\NVIDIA NvDLISR;C:\Users\Administrator\AppData\Local\Programs\Python\Python37\Scripts\;C:\Users\Administrator\AppData\Local\Programs\Python\Python37\;C:\Users\Administrator\AppData\Local\Microsoft\WindowsApps;C:\Program Files\Bandizip\;C:\Program Files\Java\jdk1.8.0_181\bin;E:\adb;C:\Users\Administrator\AppData\Roaming\npm;C:\Users\Administrator\AppData\Local\Programs\Microsoft VS Code\bin;C:\Program Files\JetBrains\PyCharm 2019.1.1\bin;C:\Users\Administrator\AppData\Local\GitHubDesktop\bin;."/>
    <property name="java.vm.info" value="mixed mode"/>
    <property name="java.vendor" value="Oracle Corporation"/>
    <property name="java.vm.version" value="25.181-b13"/>
    <property name="java.ext.dirs" value="C:\Program Files\Java\jdk1.8.0_181\jre\lib\ext;C:\Windows\Sun\Java\lib\ext"/>
    <property name="sun.io.unicode.encoding" value="UnicodeLittle"/>
    <property name="java.class.version" value="52.0"/>
  </properties>
  <testcase name="countRelation" classname="site.imcu.service.impl.RelationServiceImplTest" time="0"/>
  <testcase name="queryRelation" classname="site.imcu.service.impl.RelationServiceImplTest" time="0"/>
</testsuite>